Tue Mar 23 20:10:44 2021  
Tue Mar 23 20:10:44 2021  
Tue Mar 23 20:10:44 2021  Msieve v. 1.52 (SVN unknown)
Tue Mar 23 20:10:44 2021  random seeds: 16b1d742 2ee34bdd
Tue Mar 23 20:10:44 2021  factoring 22 (2 digits)
Tue Mar 23 20:10:44 2021  p1 factor: 2
Tue Mar 23 20:10:44 2021  p2 factor: 11
Tue Mar 23 20:10:44 2021  elapsed time 00:00:00
Tue Mar 23 20:13:43 2021  
Tue Mar 23 20:13:43 2021  
Tue Mar 23 20:13:43 2021  Msieve v. 1.52 (SVN unknown)
Tue Mar 23 20:13:43 2021  random seeds: fe84e936 a34a297a
Tue Mar 23 20:13:43 2021  factoring 22 (2 digits)
Tue Mar 23 20:13:43 2021  p1 factor: 2
Tue Mar 23 20:13:43 2021  p2 factor: 11
Tue Mar 23 20:13:43 2021  elapsed time 00:00:00
Tue Mar 23 20:14:18 2021  
Tue Mar 23 20:14:18 2021  
Tue Mar 23 20:14:18 2021  Msieve v. 1.52 (SVN unknown)
Tue Mar 23 20:14:18 2021  random seeds: d37ee258 540cbfc4
Tue Mar 23 20:14:18 2021  factoring 222 (3 digits)
Tue Mar 23 20:14:18 2021  p1 factor: 2
Tue Mar 23 20:14:18 2021  p1 factor: 3
Tue Mar 23 20:14:18 2021  p2 factor: 37
Tue Mar 23 20:14:18 2021  elapsed time 00:00:00
Tue Mar 23 20:14:35 2021  
Tue Mar 23 20:14:35 2021  
Tue Mar 23 20:14:35 2021  Msieve v. 1.52 (SVN unknown)
Tue Mar 23 20:14:35 2021  random seeds: a09cf570 4f5f011d
Tue Mar 23 20:14:35 2021  factoring 222 (3 digits)
Tue Mar 23 20:14:35 2021  p1 factor: 2
Tue Mar 23 20:14:35 2021  p1 factor: 3
Tue Mar 23 20:14:35 2021  p2 factor: 37
Tue Mar 23 20:14:35 2021  elapsed time 00:00:00
Tue Mar 23 20:15:28 2021  
Tue Mar 23 20:15:28 2021  
Tue Mar 23 20:15:28 2021  Msieve v. 1.52 (SVN unknown)
Tue Mar 23 20:15:28 2021  random seeds: b05dedb9 8fe3cfd7
Tue Mar 23 20:15:28 2021  factoring 222 (3 digits)
Tue Mar 23 20:15:28 2021  p1 factor: 2
Tue Mar 23 20:15:28 2021  p1 factor: 3
Tue Mar 23 20:15:28 2021  p2 factor: 37
Tue Mar 23 20:15:28 2021  elapsed time 00:00:00
